<?xml version="1.0" encoding="UTF-8"?>
<!-- Generated by org.testng.reporters.JUnitReportReporter -->
<testsuite hostname="LAPTOP-PLNS264R" failures="0" tests="1" name="Testng.NewTest01" time="10.141" errors="0" timestamp="2024-03-20T16:52:25 IST" skipped="0">
  <testcase classname="Testng.NewTest01" name="login" time="10.141"/>
</testsuite> <!-- Testng.NewTest01 -->
