<?xml version="1.0" encoding="UTF-8"?>
<!-- Generated by org.testng.reporters.JUnitReportReporter -->
<testsuite hostname="LAPTOP-PLNS264R" failures="0" tests="1" name="Testng.NewTest01" time="7.495" errors="0" timestamp="2024-03-20T18:50:46 IST" skipped="0">
  <testcase classname="Testng.NewTest01" name="login" time="7.495"/>
</testsuite> <!-- Testng.NewTest01 -->
